d:\3 курс\сп\lab8\lab8\lab8\debug\lab8.pch
d:\3 курс\сп\lab8\lab8\lab8\debug\vc141.pdb
d:\3 курс\сп\lab8\lab8\lab8\debug\vc141.idb
d:\3 курс\сп\lab8\lab8\lab8\debug\stdafx.obj
d:\3 курс\сп\lab8\lab8\lab8\debug\lab8.obj
d:\3 курс\сп\lab8\lab8\lab8\debug\lab8.res
d:\3 курс\сп\lab8\lab8\debug\lab8.pdb
d:\3 курс\сп\lab8\lab8\lab8\debug\lab8.tlog\cl.command.1.tlog
d:\3 курс\сп\lab8\lab8\lab8\debug\lab8.tlog\cl.read.1.tlog
d:\3 курс\сп\lab8\lab8\lab8\debug\lab8.tlog\cl.write.1.tlog
d:\3 курс\сп\lab8\lab8\lab8\debug\lab8.tlog\link-cvtres.read.1.tlog
d:\3 курс\сп\lab8\lab8\lab8\debug\lab8.tlog\link-cvtres.write.1.tlog
d:\3 курс\сп\lab8\lab8\lab8\debug\lab8.tlog\link-rc.read.1.tlog
d:\3 курс\сп\lab8\lab8\lab8\debug\lab8.tlog\link-rc.write.1.tlog
d:\3 курс\сп\lab8\lab8\lab8\debug\lab8.tlog\link.4764-cvtres.read.1.tlog
d:\3 курс\сп\lab8\lab8\lab8\debug\lab8.tlog\link.4764-cvtres.write.1.tlog
d:\3 курс\сп\lab8\lab8\lab8\debug\lab8.tlog\link.4764-rc.read.1.tlog
d:\3 курс\сп\lab8\lab8\lab8\debug\lab8.tlog\link.4764-rc.write.1.tlog
d:\3 курс\сп\lab8\lab8\lab8\debug\lab8.tlog\link.4764.read.1.tlog
d:\3 курс\сп\lab8\lab8\lab8\debug\lab8.tlog\link.4764.write.1.tlog
d:\3 курс\сп\lab8\lab8\lab8\debug\lab8.tlog\link.command.1.tlog
d:\3 курс\сп\lab8\lab8\lab8\debug\lab8.tlog\link.read.1.tlog
d:\3 курс\сп\lab8\lab8\lab8\debug\lab8.tlog\link.write.1.tlog
d:\3 курс\сп\lab8\lab8\lab8\debug\lab8.tlog\rc.command.1.tlog
d:\3 курс\сп\lab8\lab8\lab8\debug\lab8.tlog\rc.read.1.tlog
d:\3 курс\сп\lab8\lab8\lab8\debug\lab8.tlog\rc.write.1.tlog
